#prim: 15, nvertex: 4
Node1: 5e-06	-0.000325	1e-05
Node2: 5e-06	0.000325	1e-05
Node3: 5e-06	0.000325	2.7e-05
Node4: 5e-06	-0.000325	2.7e-05
PrimOrigin: 5e-06	0	1.85e-05
Primitive lengths: 0.00065	1.7e-05
Norm: -1	-0	0
#volref1: 24, volref2: -1
#NbSegX: 1, NbSegZ: 1
#ParentObj: 1	EType: 1
#SurfX	SurfY	SurfZ	SurfLZ	SurfLZ
5e-06	0	1.85e-05	0.00065	1.7e-05
#DirnCosn: 
0, 1, 0
-1, -0, 0
0, -0, 1
#SurfLambda: 0	SurfV: 520
Using the input, the aspect ratio of the elements on prim: 15
NbSegX: 1, SurfElLX: 0.00065, NbSegZ: 1, SurfElLZ: 1.7e-05, AR: 38.2353
After analyzing the aspect ratio of the elements
NbSegX: 1, SurfElLX: 0.00065, NbSegZ: 1, SurfElLZ: 1.7e-05, AR: 38.2353
Element begin: 15, Element end: 15
Number of elements on primitive: 1
