#prim: 64, nvertex: 4
Node1: 1e-05	0.00036	1e-05
Node2: 1e-05	0.00039	1e-05
Node3: 1e-05	0.00039	2.7e-05
Node4: 1e-05	0.00036	2.7e-05
PrimOrigin: 1e-05	0.000375	1.85e-05
Primitive lengths: 3e-05	1.7e-05
Norm: 1	0	-0
#volref1: 35, volref2: -1
#NbSegX: 1, NbSegZ: 1
#ParentObj: 1	EType: 1
#SurfX	SurfY	SurfZ	SurfLZ	SurfLZ
1e-05	0.000375	1.85e-05	3e-05	1.7e-05
#DirnCosn: 
0, 1, 0
1, 0, -0
-0, 0, -1
#SurfLambda: 0	SurfV: 540
Using the input, the aspect ratio of the elements on prim: 64
NbSegX: 1, SurfElLX: 3e-05, NbSegZ: 1, SurfElLZ: 1.7e-05, AR: 1.76471
After analyzing the aspect ratio of the elements
NbSegX: 1, SurfElLX: 3e-05, NbSegZ: 1, SurfElLZ: 1.7e-05, AR: 1.76471
Element begin: 64, Element end: 64
Number of elements on primitive: 1
