#prim: 11, nvertex: 4
Node1: 5e-06	-0.000325	2.7e-05
Node2: 5e-06	0.000325	2.7e-05
Node3: 0.000155	0.000325	2.7e-05
Node4: 0.000155	-0.000325	2.7e-05
PrimOrigin: 8e-05	0	2.7e-05
Primitive lengths: 0.00065	0.00015
Norm: 0	0	1
#volref1: 24, volref2: -1
#NbSegX: 1, NbSegZ: 1
#ParentObj: 1	EType: 1
#SurfX	SurfY	SurfZ	SurfLZ	SurfLZ
8e-05	0	2.7e-05	0.00065	0.00015
#DirnCosn: 
0, 1, 0
0, 0, 1
1, 0, 0
#SurfLambda: 0	SurfV: 520
Using the input, the aspect ratio of the elements on prim: 11
NbSegX: 1, SurfElLX: 0.00065, NbSegZ: 1, SurfElLZ: 0.00015, AR: 4.33333
After analyzing the aspect ratio of the elements
NbSegX: 1, SurfElLX: 0.00065, NbSegZ: 1, SurfElLZ: 0.00015, AR: 4.33333
Element begin: 11, Element end: 11
Number of elements on primitive: 1
