#prim: 5, nvertex: 4
Node1: -0.000325	-0.000325	0.003173
Node2: -0.000325	0.000325	0.003173
Node3: 0.000325	0.000325	0.003173
Node4: 0.000325	-0.000325	0.003173
PrimOrigin: 0	0	0.003173
Primitive lengths: 0.00065	0.00065
Norm: -0	-0	-1
#volref1: 21, volref2: -1
#NbSegX: 1, NbSegZ: 1
#ParentObj: 1	EType: 1
#SurfX	SurfY	SurfZ	SurfLZ	SurfLZ
0	0	0.003173	0.00065	0.00065
#DirnCosn: 
0, 1, 0
-0, -0, -1
-1, 0, 0
#SurfLambda: 0	SurfV: -300
Using the input, the aspect ratio of the elements on prim: 5
NbSegX: 1, SurfElLX: 0.00065, NbSegZ: 1, SurfElLZ: 0.00065, AR: 1
After analyzing the aspect ratio of the elements
NbSegX: 1, SurfElLX: 0.00065, NbSegZ: 1, SurfElLZ: 0.00065, AR: 1
Element begin: 5, Element end: 5
Number of elements on primitive: 1
